26345
1001
15566
726
16521
9986
20268
22944
391
28145
28133
26376
26587
14488
11618
9275
7340
21640
2566
3690
23032
5707
22268
23662
20858
26725
6844
13961
18047
785
14955
15517
28159
27990
11844
241
16997
12091
1
1
2
21982
4493
18278
1874
21576
23390
29918
87
9946
13217
18840
6387
12935
23764
17474
25389
24014
2036
13915
5486
24449
17723
9613
13748
14946
17194
25910
23688
18697
414
6728
572
25423
17094
28486
8820
18717
23440
442
14924
12502
1285
18590
2307
572
28300
2261
4650
1433
10544
28343
22824
18100
22975
4995
18267
4493
25389
21400