No
594 892 1631 2224 2372 2628 2984 3427 3669 3767 3930 4019 5537 6064 6447 6525 7425 7761 8246 8317 8562 8690 10230 10273 10719 10980 11191 11351 11688 11872 11940 13223 14015 14123 14201 14429 15117 15565 15856 16059 16223 16376 17528 17568 18022 18104 18110 18751 18775 18792 19302 19418 19816 19832 19915 20240 20348 21822 22087 22333 23792 24096 25255 25588 25800 26633 26685 26796 26804 26999 27380 27973 28386 28493 28673 29899 29927 30076 30395 30869 30996 31044
Yes
15289
No
181 482 1253 1405 1588 2368 2646 2766 3099 4681 4963 5079 5386 6163 7023 7087 8732 9364 9466 10736 11090 11462 11859 12234 12242 12340 12790 13582 13757 13987 14634 14815 14970 15235 15309 15479 15859 16730 17162 17711 17921 19004 19782 20006 20240 20406 20962 21281 21416 21664 22038 22501 22877 23402 24223 24858 24935 25484 25585 25851 26358 26678 27023 27055 27157 27277 27459 27570 27812 28229 28985 28986 29280 30072 30147 30809 31550 31657 32341 32570
No
56 115 270 280 907 1688 1961 3045 3238 3484 3554 3579 4104 4416 4477 5446 5977 6181 6619 7230 7310 9198 9233 9500 11018 11580 12063 12151 13077 14416 15048 15178 15270 15304 15353 15701 16082 17117 17184 18409 18441 18915 19036 19144 19329 19456 20987 21005 21026 21749 21959 22896 24558 24987 25213 25332 25553 25959 26864 27219 27838 29566 30120 30555 31125 31375 32638
No
2258 7758 8239 9756 13410 23518 29187 30254 31509 31805
No
15 277 1586 3399 3706 4165 7116 7512 8447 8452 8500 10015 10112 10184 10457 14011 15455 17205 18621 19187 19327 20475 20529 21479 21694 22127 23231 24034 24924 25701 26232 30726 31195 31841 32379 32515 32544
No
142 794 925 1248 1469 1500 4037 4376 4772 4779 5651 5830 5967 6517 8136 8185 8441 8495 8794 9127 9617 9861 10084 10173 10279 10363 12279 12370 12831 13443 13477 14677 14700 15548 15861 16201 16261 16304 16906 17033 17542 17565 17912 17913 18337 18394 18510 18567 18605 19264 19424 19722 19947 20030 20157 20630 21403 21873 21974 22418 22545 24728 25331 25525 25956 26809 26962 27600 27625 28028 28830 28897 29022 29260 29339 29397 29416 30050 30328 30693 30831 30898 30989 31686 31927 32426 32452 32601
No
2024 2532 2762 3559 3620 4003 5993 7761 7836 8241 10437 10446 11588 12504 13079 13767 13876 17180 17742 17999 18547 19836 20260 20406 20664 21509 21684 21936 23251 23844 24660 26016 26104 26108 27595 29377 29857 30098 30183 30948 31718 32224 32762
No
778 1219 1339 1487 1730 1868 1916 2034 2186 2417 2856 3437 4030 4392 4473 4803 5337 5456 6103 6484 6643 7543 8659 8706 9154 9371 9659 9666 10090 11088 11478 11755 11989 12336 12340 12498 12560 12720 13515 13530 13593 13941 14142 14334 14640 15639 16492 16554 17430 17816 17936 18484 19514 19566 19888 20272 20443 21424 22118 22180 22564 23100 23712 23792 24209 24392 25656 26291 26364 26456 26484 27242 27501 27760 27897 28531 28553 28895 29435 30373 31827 31833 31964 32233 32495
No
449 543 729 736 866 1065 1545 1624 1827 1987 2371 2372 2403 2515 2917 2919 3161 3335 3385 3434 3802 3878 5396 5413 6973 7077 7330 7541 7879 7920 8169 9008 9650 9911 10454 10579 10954 11245 11280 11399 11649 12228 12258 12677 12837 13421 14034 14264 14497 15117 15402 15482 15510 15962 16749 16999 17110 17174 17188 17301 17376 18291 18945 19565 19571 19910 20801 21449 22052 22748 23005 23405 23696 23786 23942 24142 24287 24291 25198 25654 25697 25951 26237 26747 27111 28001 28982 29289 29318 29949 30419 30784 31151 31620 31770 31898 32354 32446 32504 32740
No
790 797 848 1026 1237 1718 1904 2913 3325 4029 4919 5578 6217 6229 6360 6414 6566 6597 7141 7535 7706 8064 8248 8525 8750 8965 9400 9550 10218 10494 10534 10695 10928 11146 11859 12079 12086 12272 12349 13231 13439 14265 14410 14559 14976 16522 16924 17338 18273 18391 18639 18661 18845 19120 19407 19438 19522 19999 20622 20965 21029 21749 21819 21950 22007 23386 23496 23954 24403 24696 24960 26677 27084 27619 28126 28720 30125 30311 31158 31737 32390
No
710 1729 2904 3132 3167 3869 4222 5140 5158 5369 5816 6366 8867 10220 11559 11936 13310 14754 15547 15737 16516 17833 18002 18099 22072 22423 22902 23247 23963 24761 24975 26854 27068 27689 28480 28563 28583 29041 29753 30355 30635 30717 30912 32204 32379 32555 32620
No
911 1360 1368 1728 1913 2043 2257 2412 2571 2769 2809 2893 2922 3238 3861 3863 4101 4210 4257 4500 4559 5021 5203 5365 5715 5983 5986 7452 8217 8446 8764 9152 9371 9611 9744 9839 9898 10334 10424 10532 10847 11962 12278 12721 12739 12885 13202 13522 14741 15242 16286 16380 16464 16503 16880 17657 18035 18320 18539 18610 19267 19280 19359 20168 20274 20378 20826 20990 21044 23099 23132 23425 24012 24112 24199 25029 25349 25524 26198 26336 26980 27141 27176 27196 27283 27336 27756 28380 28436 28890 29334 29425 29490 29831 30057 30572 31568
No
212 1989 2798 3533 4200 4933 5073 6071 6432 6856 7594 7612 7766 8287 8750 8767 9119 9742 10473 10774 10990 12515 13287 13983 14278 14514 14816 15077 15577 15826 15990 16604 18305 18406 18897 19283 19816 20667 20907 21933 22170 22454 23016 23164 23362 24718 25821 26089 26407 27081 27118 27127 27246 27697 27699 28013 28148 28480 28523 28789 28829 28921 29843 30191 30587 31017 31058
No
79 1185 1506 5539 5908 5965 6166 6853 7231 7584 8107 8239 8601 9513 10855 11957 12507 13478 14170 14540 14690 18176 18531 18747 19334 19774 23611 24265 24715 25968 25996 26716 26871 27742 28223 28709 28758 28992 29113 29117 29333 29459 29642 30749 31310 31533
No
1559 1749 2072 2413 2781 3335 3724 4363 5033 5331 5861 5992 6014 6311 7305 7354 8525 9038 9294 9334 9584 10369 11002 11209 11475 11530 11865 12530 12803 12947 13353 13570 13968 14243 15112 16192 16393 16417 16807 17015 17536 17611 17972 18618 19707 21407 21594 22048 22510 24059 24893 25041 26431 26618 26704 27811 28247 28703 28727 29180 29202 29272 29410 29535 29580 30293 30884 30898 31072 31407 31426 31702 32299 32620
No
348 1051 1756 2322 2709 3154 4654 4818 6311 7636 7848 8550 8701 9483 9523 9692 9930 10390 11108 11996 12027 12578 12759 12825 13051 13323 13895 16540 17753 17756 19115 21334 21851 21974 22851 23514 23629 26531 26582 27224 27345 29141 29196 29525 29559 29785 30349 30691 32342 32673
No
1414 2968 3755 5863 7557 12022 12399 14367 14712 14820 19782 23274 26545 30626
No
3945 6625 7440 7672 7746 7866 8226 8264 8604 8675 9550 10699 10703 10989 12519 13126 13750 15931 17125 17544 17722 18235 19558 19802 20247 20325 20448 21762 22056 22514 23050 23191 23325 24091 24194 24978 27160 28440 29383 29819 29834 30860 31854 31865
No
1108 4958 6126 7581 7617 8105 9604 10247 11488 11586 12773 15249 15855 23468 23917 26486 29343
No
883 2308 2519 3164 5312 6889 7888 9197 9999 10209 10584 10586 11240 13551 15484 15545 16032 16088 16353 16633 18976 19137 22262 22552 23006 24199 26188 26245 26390 27234 27872 28693 30800 30925 31091 31949 32163 32489 32744
No
945 1508 4176 4980 5635 6109 6427 7689 8810 9763 10012 13174 13315 13804 14516 14959 16076 16428 16861 18517 18670 21042 22017 22386 22641 23887 24069 27675 28092 28136 28172
No
159 181 405 572 958 1666 1895 2676 2889 3352 3553 3878 4357 4996 5765 5904 5990 5992 6698 6800 7078 7242 7281 7674 9765 9943 10023 11117 11460 11605 12349 12357 12680 12709 12858 13205 13521 14042 14197 14382 14852 14913 15198 15446 15678 15735 15742 16088 16739 16848 17550 18233 18447 18883 19663 19958 19975 20218 20306 21246 21488 21603 21868 22173 22269 23510 23923 24259 24298 24502 24549 24588 24785 24962 25722 25868 25983 26010 26486 27080 27159 27539 28040 28232 28576 28856 28964 29066 29356 29706 30470 30815 30944 31437 31516
No
964 1569 1587 2023 2149 2188 2402 2902 3789 5789 5917 6167 6309 6671 6971 7228 7617 7775 7886 8229 8699 8704 10669 11032 11608 11915 12090 12112 12320 12361 12416 12612 12855 12972 13100 13217 13320 13755 13970 14601 14986 15282 15732 15741 16124 16395 16591 16835 18392 18445 19299 19512 19683 20196 21327 21430 21504 21574 22851 22978 23313 23430 23868 24623 24867 24966 26001 26270 26436 27576 27697 28044 28169 28495 28701 28945 29018 29244 29398 29590 29875 30320 30594 30815 31268 31549 31926 32319
No
133 364 499 632 1450 2906 3006 3078 4441 5270 5307 5965 5985 6245 6410 6451 6704 7504 7663 7683 8315 8637 9173 9314 9450 10197 10578 11702 12237 12276 12299 12384 13104 13365 14009 14242 14293 14415 14610 14660 14967 15114 15231 15259 15283 16963 17071 17613 17829 17833 18125 18281 18554 18954 19866 20025 20349 20464 20520 20526 20911 21487 21684 21756 22137 22466 23357 24071 24322 24469 24606 24655 24744 24828 25300 25302 26169 26276 26440 26503 26596 26709 26819 26910 27016 28158 28286 28497 29190 29283 29844 30880 31802 32228
No
908 9569 11147 11243 14344 15069 17745 20945 21431 22472 22857 24536 26759 28841 30858 31839 32272
No
1150 2341 2988 3113 4617 4860 5341 6259 6264 7297 7751 7781 8109 10004 10369 10412 11607 12182 13874 14659 14989 15250 15494 15527 15601 15689 15836 16483 16536 17107 17955 18016 18047 19251 20492 20529 21444 21761 22330 22399 22696 22792 23089 23395 23837 23920 24520 24863 26256 26992 27009 27407 27543 27758 28379 29795 30283 30483 30886 31171 31502 31516 31623 32025 32543
Yes
13957 23029 23166
No
398 2086 4692 5137 5880 7247 7885 7944 8378 10444 13542 14039 16663 18249 20422 21823 23619 24984 28017 31238 31398
Yes
10994 21281 29626
No
171 515 643 1067 2316 2848 3097 3244 3274 3617 4305 4371 4988 5242 5838 5972 6039 6739 6812 6917 7361 7426 7933 8990 9224 9651 9663 10806 11208 11593 11904 12321 12711 12959 13893 14084 14344 14363 14456 14501 14951 15001 16108 16191 16761 16987 17168 17432 17978 18217 18293 18409 18870 19388 19463 19489 19754 19945 20633 20888 21432 21511 21533 21813 22121 22651 22789 23685 23855 24425 24482 24955 25883 26113 26382 26550 27102 27259 27405 28018 28588 28594 28611 29236 30001 30202 30222 30274 30530 30750 30964 31105 31644 31684 31861 32311
Yes
6843 10673 21435 31572
No
91 360 1349 1447 1566 2105 2568 2659 2750 2864 3005 4470 4948 5296 5495 5820 6023 6271 6707 6712 6839 7542 7656 7667 9388 10665 10700 11208 11519 11796 11809 11907 12074 12172 12256 13151 13192 13381 13830 14103 14126 14213 14955 15180 15203 15742 16212 16567 16702 17280 18162 18314 18964 19145 19471 19889 20515 20529 20602 20780 21835 21987 23183 23190 23399 23425 23507 23682 23786 23792 24314 24694 24779 24851 24893 25813 26030 26069 26849 27140 27539 27760 27963 28662 28773 29002 29086 29882 31504 31993 32058 32322 32358 32528 32575 32671 32682 32708
No
1481 1992 2390 2617 3728 3888 4003 4590 4815 5303 5356 5555 6086 6593 7414 7460 7486 7788 7930 8068 8192 8359 8573 8986 9276 9426 9642 9691 9844 9951 10178 10390 10429 10433 10709 10749 11182 11962 12416 14016 14079 14508 14574 14663 15036 15037 15067 15314 15364 15386 15998 16282 16783 16799 18161 18309 18689 19571 19644 20053 20582 21019 21218 21315 22140 22677 22980 23026 23585 23924 27032 27160 27590 27682 29622 30024 30261 30770 30805 31214 31367 32667 32734
No
1700 2746 3303 3435 3985 5427 5621 6024 6267 6603 7628 8279 10152 14713 18182 18331 19190 20213 20601 20847 21164 22204 22387 25101 29605 31744 32433
No
444 716 1258 1497 2005 2271 3458 4020 4122 5689 5798 6834 6952 7428 8806 9762 9824 10018 10293 10838 10939 11181 11218 12645 13295 13566 13999 14168 14631 14947 15814 15996 16323 17755 18619 18881 19578 19619 19959 21238 21473 21748 22672 23230 23839 23905 25328 25367 25414 26061 26163 27262 27481 27584 27726 28027 28517 28676 29016 29085 29411 30212 30309 30786 31702 31709 32162 32249 32321 32416 32622
No
680 2378 2566 2713 2907 2936 3788 4637 4811 5560 5664 6248 7538 8094 8447 8678 9416 11194 12651 12687 12701 12918 13641 14606 15700 17838 17865 18086 18154 18260 18483 18697 20304 20416 21912 22150 24673 24771 24809 25651 25711 26918 27075 27248 27300 28616 28768 30444 30923 31969 32005
No
48 50 323 1103 1687 1927 2275 2491 2815 3625 3631 3652 4306 4904 8713 9043 10062 10236 11261 12133 12638 12686 13303 13482 13646 13991 14924 14938 15889 16134 17972 18585 19108 20637 20702 20767 20981 21669 22037 22565 23166 23339 23947 24072 24522 24997 25645 27047 27368 27907 28008 29712 30373 30573 32111 32464
Yes
888 1858 13475 14551 15921 27324
No
107 211 787 1130 1720 1733 2025 2797 2901 3351 3359 3897 4018 4235 4687 4711 4757 5046 5225 6198 6354 6730 8327 8519 8539 8923 9061 10469 10510 11037 11351 11488 12206 12985 12998 13250 13254 13325 14179 14379 15246 15316 15524 16207 16395 16805 16874 16882 17587 17950 18035 18158 18192 19159 19527 19915 20044 20110 21025 21030 21279 21530 22029 22372 22375 23079 23148 23208 23834 24048 24809 25090 25230 26167 26636 26844 27146 27371 28366 28407 28539 28876 28956 29042 29105 29319 29841 30196 30210 30575 31480 31654 31679 31902 31904 32013 32223 32312
No
10867 12296 12848 19394 20129 23711 24701 28890
No
25 144 434 1165 1487 1680 2107 2807 3161 3212 3402 3975 3989 4537 5066 5604 5969 6937 7022 7382 10423 10902 11586 11831 12181 12908 13546 13890 14511 14851 15231 15592 16387 16505 16752 17399 17459 17799 17830 18009 18092 18607 19252 19595 20232 20307 20974 21189 21421 21840 23968 23986 24469 25007 26126 26421 26642 26713 26741 27338 28053 29252 29366 29869 30025 30152 30663 30780 30803 32395
No
438 1346 1643 2408 3505 3838 3957 5540 6202 6327 6951 7162 7246 7404 7878 8639 9149 11894 12020 12037 12501 12527 12559 12610 14070 14203 16188 17111 17213 17686 18252 18304 18591 19394 19526 19868 20448 20552 21223 21622 21923 22009 22025 22073 22167 22404 23616 25347 25371 27048 27177 27618 28159 28288 28902 29361 29829 30390 30999 31413 31689 32744
No
303 1041 2463 4404 6067 6471 7123 7485 8084 8131 8700 9001 9127 9764 10180 11415 11699 12717 13278 13831 14162 15372 15564 16026 16277 16974 17086 17421 18221 18840 22027 22456 24350 25131 26201 27114 27301 27552 28201 28845 28860 29452 29552 29822 30441 31219 32017 32289 32294 32677
No
629 2821 16012 16541 23637 23858 28837 32495
No
206 517 1209 1537 1593 2305 2522 2616 3294 3416 3812 3946 4313 4416 4597 4898 5125 5303 5438 5942 6063 6702 7451 8745 8883 9728 10259 10745 10864 11292 11522 11605 11699 11777 11882 12194 12283 13344 13398 13426 14471 14987 15078 15570 16167 16268 16347 16681 18341 18774 18925 18967 19150 19616 19673 20302 20556 21270 21281 21566 22240 22384 22465 22945 23863 24453 25595 26194 26481 26901 27345 27826 27859 27943 29341 29371 29521 29540 29723 31223 31521 32077 32240
No
83 317 351 696 1148 1160 1900 2710 2985 3005 3729 3797 4925 5389 5547 5668 5954 6059 6345 6418 6526 6585 6612 6950 7450 7748 7794 8823 8972 9195 9230 9482 10214 10606 10692 10736 10963 11044 11185 11186 11451 12025 12366 12393 12533 13210 13224 13345 13373 13671 13711 13976 14120 14622 14675 15505 15631 15837 16188 16407 17050 17081 17243 17442 17882 18684 18727 19134 19587 20001 20116 20397 20541 20887 21823 22676 22917 23560 23657 23669 24047 24569 25088 25502 25666 26054 26184 26467 26980 27127 27543 28783 29524 30263 30630 31749 32489 32640
No
38 683 8197 9493 13703 14077 16645 17242 20530 22922 27287 27462 31679
No
800 801 942 1502 2208 2417 2679 2684 3972 4005 4291 4559 4764 4907 5167 5872 6127 6448 6478 6514 8053 8685 8784 9271 9556 10239 10850 12393 12737 12928 12953 13390 13959 14204 14215 14498 14854 16561 16929 17017 17161 17242 17441 18010 18027 18174 18277 18669 18697 20103 20254 20316 20339 20423 20920 21746 21912 22158 22178 22367 22599 23053 23071 23256 23920 23986 24370 24639 24736 25377 25698 26113 26120 26509 26826 26895 26953 27265 27929 27956 28085 28156 28485 28508 28895 29192 29270 30296 30306 30688 30723 30924 31234 31246 31386 31422 32317
No
170 415 441 656 3712 3731 3828 4417 4588 4758 4781 4833 5248 5402 5926 6878 7153 8636 9100 9170 9857 10039 10123 10407 11341 12029 12165 12171 13328 14762 15011 15114 16061 17167 17209 18608 18762 19688 20995 21227 21262 21389 22065 23318 24560 24697 25235 25289 26207 27241 27249 27619 28924 29466 29505 29626 30340 30352 30746 30762
